[debug] [2023-08-02T11:09:33.277Z] ----------------------------------------------------------------------
[debug] [2023-08-02T11:09:33.281Z] Command:       C:\Program Files\nodejs\node.exe C:\Users\Dalip Kumar\AppData\Roaming\npm\node_modules\firebase-tools\lib\bin\firebase.js init hosting
[debug] [2023-08-02T11:09:33.281Z] CLI Version:   11.16.1
[debug] [2023-08-02T11:09:33.281Z] Platform:      win32
[debug] [2023-08-02T11:09:33.281Z] Node Version:  v18.17.0
[debug] [2023-08-02T11:09:33.304Z] Time:          Wed Aug 02 2023 16:39:33 GMT+0530 (India Standard Time)
[debug] [2023-08-02T11:09:33.304Z] ----------------------------------------------------------------------
[debug] 
[debug] [2023-08-02T11:09:33.321Z] >>> [apiv2][query] GET https://firebase-public.firebaseio.com/cli.json [none]
[debug] [2023-08-02T11:09:33.418Z] > command requires scopes: ["email","openid","https://www.googleapis.com/auth/cloudplatformprojects.readonly","https://www.googleapis.com/auth/firebase","https://www.googleapis.com/auth/cloud-platform"]
[debug] [2023-08-02T11:09:33.419Z] > authorizing via signed-in user (dalipdivakar@gmail.com)
[info] 
     ######## #### ########  ######## ########     ###     ######  ########
     ##        ##  ##     ## ##       ##     ##  ##   ##  ##       ##
     ######    ##  ########  ######   ########  #########  ######  ######
     ##        ##  ##    ##  ##       ##     ## ##     ##       ## ##
     ##       #### ##     ## ######## ########  ##     ##  ######  ########

You're about to initialize a Firebase project in this directory:

  C:\Users\Dalip Kumar\Documents\Training Full Stack\Mearn Project\Portfolio\My-Portfolio\public

[info] 
=== Project Setup
[info] 
[info] First, let's associate this project directory with a Firebase project.
[info] You can create multiple project aliases by running firebase use --add, 
[info] but for now we'll just set up a default project.
[info] 
[debug] [2023-08-02T11:09:34.207Z] <<< [apiv2][status] GET https://firebase-public.firebaseio.com/cli.json 200
[debug] [2023-08-02T11:09:34.209Z] <<< [apiv2][body] GET https://firebase-public.firebaseio.com/cli.json {"cloudBuildErrorAfter":1594252800000,"cloudBuildWarnAfter":1590019200000,"defaultNode10After":1594252800000,"minVersion":"3.0.5","node8DeploysDisabledAfter":1613390400000,"node8RuntimeDisabledAfter":1615809600000,"node8WarnAfter":1600128000000}
[debug] [2023-08-02T11:12:31.454Z] ----------------------------------------------------------------------
[debug] [2023-08-02T11:12:31.458Z] Command:       C:\Program Files\nodejs\node.exe C:\Program Files\nodejs\node_modules\firebase-tools\lib\bin\firebase.js init hosting
[debug] [2023-08-02T11:12:31.458Z] CLI Version:   12.4.6
[debug] [2023-08-02T11:12:31.459Z] Platform:      win32
[debug] [2023-08-02T11:12:31.459Z] Node Version:  v18.17.0
[debug] [2023-08-02T11:12:31.460Z] Time:          Wed Aug 02 2023 16:42:31 GMT+0530 (India Standard Time)
[debug] [2023-08-02T11:12:31.460Z] ----------------------------------------------------------------------
[debug] 
[debug] [2023-08-02T11:12:31.489Z] > command requires scopes: ["email","openid","https://www.googleapis.com/auth/cloudplatformprojects.readonly","https://www.googleapis.com/auth/firebase","https://www.googleapis.com/auth/cloud-platform"]
[debug] [2023-08-02T11:12:31.489Z] > authorizing via signed-in user (dalipdivakar@gmail.com)
[info] 
     ######## #### ########  ######## ########     ###     ######  ########
     ##        ##  ##     ## ##       ##     ##  ##   ##  ##       ##
     ######    ##  ########  ######   ########  #########  ######  ######
     ##        ##  ##    ##  ##       ##     ## ##     ##       ## ##
     ##       #### ##     ## ######## ########  ##     ##  ######  ########

You're about to initialize a Firebase project in this directory:

  C:\Users\Dalip Kumar\Documents\Training Full Stack\Mearn Project\Portfolio\My-Portfolio\public

[info] 
=== Project Setup
[info] 
[info] First, let's associate this project directory with a Firebase project.
[info] You can create multiple project aliases by running firebase use --add, 
[info] but for now we'll just set up a default project.
[info] 
[debug] [2023-08-02T11:13:05.513Z] > refreshing access token with scopes: []
[debug] [2023-08-02T11:13:05.517Z] >>> [apiv2][query] POST https://www.googleapis.com/oauth2/v3/token [none]
[debug] [2023-08-02T11:13:05.517Z] >>> [apiv2][body] POST https://www.googleapis.com/oauth2/v3/token [omitted]
[debug] [2023-08-02T11:13:06.118Z] <<< [apiv2][status] POST https://www.googleapis.com/oauth2/v3/token 400
[debug] [2023-08-02T11:13:06.118Z] <<< [apiv2][body] POST https://www.googleapis.com/oauth2/v3/token [omitted]
[debug] [2023-08-02T11:13:06.120Z] >>> [apiv2][query] GET https://firebase.googleapis.com/v1beta1/projects pageSize=100
[debug] [2023-08-02T11:13:06.530Z] <<< [apiv2][status] GET https://firebase.googleapis.com/v1beta1/projects 401
[debug] [2023-08-02T11:13:06.531Z] <<< [apiv2][body] GET https://firebase.googleapis.com/v1beta1/projects [omitted]
[debug] [2023-08-02T11:13:06.532Z] HTTP Error: 401, Request had invalid authentication credentials. Expected OAuth 2 access token, login cookie or other valid authentication credential. See https://developers.google.com/identity/sign-in/web/devconsole-project.
[debug] [2023-08-02T11:13:06.974Z] FirebaseError: HTTP Error: 401, Request had invalid authentication credentials. Expected OAuth 2 access token, login cookie or other valid authentication credential. See https://developers.google.com/identity/sign-in/web/devconsole-project.
    at responseToError (C:\Users\Dalip Kumar\AppData\Roaming\nvm\v18.17.0\node_modules\firebase-tools\lib\responseToError.js:49:12)
    at RetryOperation._fn (C:\Users\Dalip Kumar\AppData\Roaming\nvm\v18.17.0\node_modules\firebase-tools\lib\apiv2.js:285:77)
    at process.processTicksAndRejections (node:internal/process/task_queues:95:5)
[error] 
[error] Error: Failed to list Firebase projects. See firebase-debug.log for more info.
[debug] [2023-08-02T11:15:54.309Z] ----------------------------------------------------------------------
[debug] [2023-08-02T11:15:54.313Z] Command:       C:\Program Files\nodejs\node.exe C:\Program Files\nodejs\node_modules\firebase-tools\lib\bin\firebase.js init hosting
[debug] [2023-08-02T11:15:54.313Z] CLI Version:   12.4.6
[debug] [2023-08-02T11:15:54.314Z] Platform:      win32
[debug] [2023-08-02T11:15:54.314Z] Node Version:  v18.17.0
[debug] [2023-08-02T11:15:54.315Z] Time:          Wed Aug 02 2023 16:45:54 GMT+0530 (India Standard Time)
[debug] [2023-08-02T11:15:54.315Z] ----------------------------------------------------------------------
[debug] 
[debug] [2023-08-02T11:15:54.328Z] > command requires scopes: ["email","openid","https://www.googleapis.com/auth/cloudplatformprojects.readonly","https://www.googleapis.com/auth/firebase","https://www.googleapis.com/auth/cloud-platform"]
[debug] [2023-08-02T11:15:54.329Z] > authorizing via signed-in user (dalipdivakar@gmail.com)
[info] 
     ######## #### ########  ######## ########     ###     ######  ########
     ##        ##  ##     ## ##       ##     ##  ##   ##  ##       ##
     ######    ##  ########  ######   ########  #########  ######  ######
     ##        ##  ##    ##  ##       ##     ## ##     ##       ## ##
     ##       #### ##     ## ######## ########  ##     ##  ######  ########

You're about to initialize a Firebase project in this directory:

  C:\Users\Dalip Kumar\Documents\Training Full Stack\Mearn Project\Portfolio\My-Portfolio\public

[info] 
=== Project Setup
[info] 
[info] First, let's associate this project directory with a Firebase project.
[info] You can create multiple project aliases by running firebase use --add, 
[info] but for now we'll just set up a default project.
[info] 
[info] i  If you want to create a project in a Google Cloud organization or folder, please use "firebase projects:create" instead, and return to this command when you've created the project. 
[debug] [2023-08-02T11:16:58.596Z] > refreshing access token with scopes: []
[debug] [2023-08-02T11:16:58.600Z] >>> [apiv2][query] POST https://www.googleapis.com/oauth2/v3/token [none]
[debug] [2023-08-02T11:16:58.600Z] >>> [apiv2][body] POST https://www.googleapis.com/oauth2/v3/token [omitted]
[debug] [2023-08-02T11:16:59.034Z] <<< [apiv2][status] POST https://www.googleapis.com/oauth2/v3/token 400
[debug] [2023-08-02T11:16:59.035Z] <<< [apiv2][body] POST https://www.googleapis.com/oauth2/v3/token [omitted]
[debug] [2023-08-02T11:16:59.035Z] >>> [apiv2][query] POST https://cloudresourcemanager.googleapis.com/v1/projects [none]
[debug] [2023-08-02T11:16:59.036Z] >>> [apiv2][body] POST https://cloudresourcemanager.googleapis.com/v1/projects {"projectId":"123456","name":"MyPortfolio"}
[debug] [2023-08-02T11:17:01.070Z] <<< [apiv2][status] POST https://cloudresourcemanager.googleapis.com/v1/projects 401
[debug] [2023-08-02T11:17:01.070Z] <<< [apiv2][body] POST https://cloudresourcemanager.googleapis.com/v1/projects {"error":{"code":401,"message":"Request had invalid authentication credentials. Expected OAuth 2 access token, login cookie or other valid authentication credential. See https://developers.google.com/identity/sign-in/web/devconsole-project.","status":"UNAUTHENTICATED","details":[{"@type":"type.googleapis.com/google.rpc.ErrorInfo","reason":"ACCESS_TOKEN_TYPE_UNSUPPORTED","metadata":{"method":"google.cloudresourcemanager.v1.Projects.CreateProject","service":"cloudresourcemanager.googleapis.com"}}]}}
[debug] [2023-08-02T11:17:01.480Z] FirebaseError: HTTP Error: 401, Request had invalid authentication credentials. Expected OAuth 2 access token, login cookie or other valid authentication credential. See https://developers.google.com/identity/sign-in/web/devconsole-project.
    at responseToError (C:\Users\Dalip Kumar\AppData\Roaming\nvm\v18.17.0\node_modules\firebase-tools\lib\responseToError.js:49:12)
    at RetryOperation._fn (C:\Users\Dalip Kumar\AppData\Roaming\nvm\v18.17.0\node_modules\firebase-tools\lib\apiv2.js:285:77)
    at process.processTicksAndRejections (node:internal/process/task_queues:95:5)
[error] 
[error] Error: Failed to create project. See firebase-debug.log for more info.
